This file contains any messages produced by compilers while
running configure, to aid debugging if configure makes a mistake.

It was created by virt-viewer configure 2.0, which was
generated by GNU Autoconf 2.69.  Invocation command line was

  $ ./configure 

## --------- ##
## Platform. ##
## --------- ##

hostname = ubuntu
uname -m = i686
uname -r = 4.2.0-27-generic
uname -s = Linux
uname -v = #32~14.04.1-Ubuntu SMP Fri Jan 22 15:32:27 UTC 2016

/usr/bin/uname -p = unknown
/bin/uname -X     = unknown

/bin/arch              = unknown
/usr/bin/arch -k       = unknown
/usr/convex/getsysinfo = unknown
/usr/bin/hostinfo      = unknown
/bin/machine           = unknown
/usr/bin/oslevel       = unknown
/bin/universe          = unknown

PATH: /usr/local/sbin
PATH: /usr/local/bin
PATH: /usr/sbin
PATH: /usr/bin
PATH: /sbin
PATH: /bin
PATH: /usr/games
PATH: /usr/local/games


## ----------- ##
## Core tests. ##
## ----------- ##

configure:2446: checking for a BSD-compatible install
configure:2514: result: /usr/bin/install -c
configure:2525: checking whether build environment is sane
configure:2580: result: yes
configure:2731: checking for a thread-safe mkdir -p
configure:2770: result: /bin/mkdir -p
configure:2777: checking for gawk
configure:2807: result: no
configure:2777: checking for mawk
configure:2793: found /usr/bin/mawk
configure:2804: result: mawk
configure:2815: checking whether make sets $(MAKE)
configure:2837: result: yes
configure:2866: checking whether make supports nested variables
configure:2883: result: yes
configure:3013: checking build system type
configure:3027: result: i686-pc-linux-gnu
configure:3047: checking host system type
configure:3060: result: i686-pc-linux-gnu
configure:3094: checking whether make supports nested variables
configure:3111: result: yes
configure:3145: checking for native Win32
configure:3164: result: no
configure:3223: checking for gcc
configure:3239: found /usr/bin/gcc
configure:3250: result: gcc
configure:3479: checking for C compiler version
configure:3488: gcc --version >&5
gcc (Ubuntu 4.8.4-2ubuntu1~14.04.1) 4.8.4
Copyright (C) 2013 Free Software Foundation, Inc.
This is free software; see the source for copying conditions.  There is NO
warranty; not even for MERCHANTABILITY or FITNESS FOR A PARTICULAR PURPOSE.

configure:3499: $? = 0
configure:3488: gcc -v >&5
Using built-in specs.
COLLECT_GCC=gcc
COLLECT_LTO_WRAPPER=/usr/lib/gcc/i686-linux-gnu/4.8/lto-wrapper
Target: i686-linux-gnu
Configured with: ../src/configure -v --with-pkgversion='Ubuntu 4.8.4-2ubuntu1~14.04.1' --with-bugurl=file:///usr/share/doc/gcc-4.8/README.Bugs --enable-languages=c,c++,java,go,d,fortran,objc,obj-c++ --prefix=/usr --program-suffix=-4.8 --enable-shared --enable-linker-build-id --libexecdir=/usr/lib --without-included-gettext --enable-threads=posix --with-gxx-include-dir=/usr/include/c++/4.8 --libdir=/usr/lib --enable-nls --with-sysroot=/ --enable-clocale=gnu --enable-libstdcxx-debug --enable-libstdcxx-time=yes --enable-gnu-unique-object --disable-libmudflap --enable-plugin --with-system-zlib --disable-browser-plugin --enable-java-awt=gtk --enable-gtk-cairo --with-java-home=/usr/lib/jvm/java-1.5.0-gcj-4.8-i386/jre --enable-java-home --with-jvm-root-dir=/usr/lib/jvm/java-1.5.0-gcj-4.8-i386 --with-jvm-jar-dir=/usr/lib/jvm-exports/java-1.5.0-gcj-4.8-i386 --with-arch-directory=i386 --with-ecj-jar=/usr/share/java/eclipse-ecj.jar --enable-objc-gc --enable-targets=all --enable-multiarch --disable-werror --with-arch-32=i686 --with-multilib-list=m32,m64,mx32 --with-tune=generic --enable-checking=release --build=i686-linux-gnu --host=i686-linux-gnu --target=i686-linux-gnu
Thread model: posix
gcc version 4.8.4 (Ubuntu 4.8.4-2ubuntu1~14.04.1) 
configure:3499: $? = 0
configure:3488: gcc -V >&5
gcc: error: unrecognized command line option '-V'
gcc: fatal error: no input files
compilation terminated.
configure:3499: $? = 4
configure:3488: gcc -qversion >&5
gcc: error: unrecognized command line option '-qversion'
gcc: fatal error: no input files
compilation terminated.
configure:3499: $? = 4
configure:3519: checking whether the C compiler works
configure:3541: gcc    conftest.c  >&5
configure:3545: $? = 0
configure:3593: result: yes
configure:3596: checking for C compiler default output file name
configure:3598: result: a.out
configure:3604: checking for suffix of executables
configure:3611: gcc -o conftest    conftest.c  >&5
configure:3615: $? = 0
configure:3637: result: 
configure:3659: checking whether we are cross compiling
configure:3667: gcc -o conftest    conftest.c  >&5
configure:3671: $? = 0
configure:3678: ./conftest
configure:3682: $? = 0
configure:3697: result: no
configure:3702: checking for suffix of object files
configure:3724: gcc -c   conftest.c >&5
configure:3728: $? = 0
configure:3749: result: o
configure:3753: checking whether we are using the GNU C compiler
configure:3772: gcc -c   conftest.c >&5
configure:3772: $? = 0
configure:3781: result: yes
configure:3790: checking whether gcc accepts -g
configure:3810: gcc -c -g  conftest.c >&5
configure:3810: $? = 0
configure:3851: result: yes
configure:3868: checking for gcc option to accept ISO C89
configure:3931: gcc  -c -g -O2  conftest.c >&5
configure:3931: $? = 0
configure:3944: result: none needed
configure:3969: checking whether gcc understands -c and -o together
configure:3991: gcc -c conftest.c -o conftest2.o
configure:3994: $? = 0
configure:3991: gcc -c conftest.c -o conftest2.o
configure:3994: $? = 0
configure:4006: result: yes
configure:4034: checking for style of include used by make
configure:4062: result: GNU
configure:4088: checking dependency style of gcc
configure:4199: result: gcc3
configure:4261: checking how to print strings
configure:4288: result: printf
configure:4309: checking for a sed that does not truncate output
configure:4373: result: /bin/sed
configure:4391: checking for grep that handles long lines and -e
configure:4449: result: /bin/grep
configure:4454: checking for egrep
configure:4516: result: /bin/grep -E
configure:4521: checking for fgrep
configure:4583: result: /bin/grep -F
configure:4618: checking for ld used by gcc
configure:4685: result: /usr/bin/ld
configure:4692: checking if the linker (/usr/bin/ld) is GNU ld
configure:4707: result: yes
configure:4719: checking for BSD- or MS-compatible name lister (nm)
configure:4768: result: /usr/bin/nm -B
configure:4898: checking the name lister (/usr/bin/nm -B) interface
configure:4905: gcc -c -g -O2  conftest.c >&5
configure:4908: /usr/bin/nm -B "conftest.o"
configure:4911: output
00000000 B some_variable
configure:4918: result: BSD nm
configure:4921: checking whether ln -s works
configure:4925: result: yes
configure:4933: checking the maximum length of command line arguments
configure:5063: result: 1572864
configure:5080: checking whether the shell understands some XSI constructs
configure:5090: result: yes
configure:5094: checking whether the shell understands "+="
configure:5100: result: yes
configure:5135: checking how to convert i686-pc-linux-gnu file names to i686-pc-linux-gnu format
configure:5175: result: func_convert_file_noop
configure:5182: checking how to convert i686-pc-linux-gnu file names to toolchain format
configure:5202: result: func_convert_file_noop
configure:5209: checking for /usr/bin/ld option to reload object files
configure:5216: result: -r
configure:5290: checking for objdump
configure:5306: found /usr/bin/objdump
configure:5317: result: objdump
configure:5349: checking how to recognize dependent libraries
configure:5551: result: pass_all
configure:5636: checking for dlltool
configure:5666: result: no
configure:5696: checking how to associate runtime and link libraries
configure:5723: result: printf %s\n
configure:5784: checking for ar
configure:5800: found /usr/bin/ar
configure:5811: result: ar
configure:5848: checking for archiver @FILE support
configure:5865: gcc -c -g -O2  conftest.c >&5
configure:5865: $? = 0
configure:5868: ar cru libconftest.a @conftest.lst >&5
configure:5871: $? = 0
configure:5876: ar cru libconftest.a @conftest.lst >&5
ar: conftest.o: No such file or directory
configure:5879: $? = 1
configure:5891: result: @
configure:5949: checking for strip
configure:5965: found /usr/bin/strip
configure:5976: result: strip
configure:6048: checking for ranlib
configure:6064: found /usr/bin/ranlib
configure:6075: result: ranlib
configure:6177: checking command to parse /usr/bin/nm -B output from gcc object
configure:6297: gcc -c -g -O2  conftest.c >&5
configure:6300: $? = 0
configure:6304: /usr/bin/nm -B conftest.o \| sed -n -e 's/^.*[ ]\([ABCDGIRSTW][ABCDGIRSTW]*\)[ ][ ]*\([_A-Za-z][_A-Za-z0-9]*\)$/\1 \2 \2/p' | sed '/ __gnu_lto/d' \> conftest.nm
configure:6307: $? = 0
configure:6373: gcc -o conftest -g -O2   conftest.c conftstm.o >&5
configure:6376: $? = 0
configure:6414: result: ok
configure:6451: checking for sysroot
configure:6481: result: no
configure:6743: checking for mt
configure:6759: found /bin/mt
configure:6770: result: mt
configure:6793: checking if mt is a manifest tool
configure:6799: mt '-?'
configure:6807: result: no
configure:7449: checking how to run the C preprocessor
configure:7480: gcc -E  conftest.c
configure:7480: $? = 0
configure:7494: gcc -E  conftest.c
conftest.c:11:28: fatal error: ac_nonexistent.h: No such file or directory
 #include <ac_nonexistent.h>
                            ^
compilation terminated.
configure:7494: $? = 1
configure: failed program was:
| /* confdefs.h */
| #define PACKAGE_NAME "virt-viewer"
| #define PACKAGE_TARNAME "virt-viewer"
| #define PACKAGE_VERSION "2.0"
| #define PACKAGE_STRING "virt-viewer 2.0"
| #define PACKAGE_BUGREPORT ""
| #define PACKAGE_URL ""
| #define PACKAGE "virt-viewer"
| #define VERSION "2.0"
| /* end confdefs.h.  */
| #include <ac_nonexistent.h>
configure:7519: result: gcc -E
configure:7539: gcc -E  conftest.c
configure:7539: $? = 0
configure:7553: gcc -E  conftest.c
conftest.c:11:28: fatal error: ac_nonexistent.h: No such file or directory
 #include <ac_nonexistent.h>
                            ^
compilation terminated.
configure:7553: $? = 1
configure: failed program was:
| /* confdefs.h */
| #define PACKAGE_NAME "virt-viewer"
| #define PACKAGE_TARNAME "virt-viewer"
| #define PACKAGE_VERSION "2.0"
| #define PACKAGE_STRING "virt-viewer 2.0"
| #define PACKAGE_BUGREPORT ""
| #define PACKAGE_URL ""
| #define PACKAGE "virt-viewer"
| #define VERSION "2.0"
| /* end confdefs.h.  */
| #include <ac_nonexistent.h>
configure:7582: checking for ANSI C header files
configure:7602: gcc -c -g -O2  conftest.c >&5
configure:7602: $? = 0
configure:7675: gcc -o conftest -g -O2   conftest.c  >&5
configure:7675: $? = 0
configure:7675: ./conftest
configure:7675: $? = 0
configure:7686: result: yes
configure:7699: checking for sys/types.h
configure:7699: gcc -c -g -O2  conftest.c >&5
configure:7699: $? = 0
configure:7699: result: yes
configure:7699: checking for sys/stat.h
configure:7699: gcc -c -g -O2  conftest.c >&5
configure:7699: $? = 0
configure:7699: result: yes
configure:7699: checking for stdlib.h
configure:7699: gcc -c -g -O2  conftest.c >&5
configure:7699: $? = 0
configure:7699: result: yes
configure:7699: checking for string.h
configure:7699: gcc -c -g -O2  conftest.c >&5
configure:7699: $? = 0
configure:7699: result: yes
configure:7699: checking for memory.h
configure:7699: gcc -c -g -O2  conftest.c >&5
configure:7699: $? = 0
configure:7699: result: yes
configure:7699: checking for strings.h
configure:7699: gcc -c -g -O2  conftest.c >&5
configure:7699: $? = 0
configure:7699: result: yes
configure:7699: checking for inttypes.h
configure:7699: gcc -c -g -O2  conftest.c >&5
configure:7699: $? = 0
configure:7699: result: yes
configure:7699: checking for stdint.h
configure:7699: gcc -c -g -O2  conftest.c >&5
configure:7699: $? = 0
configure:7699: result: yes
configure:7699: checking for unistd.h
configure:7699: gcc -c -g -O2  conftest.c >&5
configure:7699: $? = 0
configure:7699: result: yes
configure:7713: checking for dlfcn.h
configure:7713: gcc -c -g -O2  conftest.c >&5
configure:7713: $? = 0
configure:7713: result: yes
configure:7919: checking for objdir
configure:7934: result: .libs
configure:8205: checking if gcc supports -fno-rtti -fno-exceptions
configure:8223: gcc -c -g -O2  -fno-rtti -fno-exceptions conftest.c >&5
cc1: warning: command line option '-fno-rtti' is valid for C++/ObjC++ but not for C [enabled by default]
configure:8227: $? = 0
configure:8240: result: no
configure:8567: checking for gcc option to produce PIC
configure:8574: result: -fPIC -DPIC
configure:8582: checking if gcc PIC flag -fPIC -DPIC works
configure:8600: gcc -c -g -O2  -fPIC -DPIC -DPIC conftest.c >&5
configure:8604: $? = 0
configure:8617: result: yes
configure:8646: checking if gcc static flag -static works
configure:8674: result: yes
configure:8689: checking if gcc supports -c -o file.o
configure:8710: gcc -c -g -O2  -o out/conftest2.o conftest.c >&5
configure:8714: $? = 0
configure:8736: result: yes
configure:8744: checking if gcc supports -c -o file.o
configure:8791: result: yes
configure:8824: checking whether the gcc linker (/usr/bin/ld) supports shared libraries
configure:9977: result: yes
configure:10014: checking whether -lc should be explicitly linked in
configure:10022: gcc -c -g -O2  conftest.c >&5
configure:10025: $? = 0
configure:10040: gcc -shared  -fPIC -DPIC conftest.o  -v -Wl,-soname -Wl,conftest -o conftest 2\>\&1 \| /bin/grep  -lc  \>/dev/null 2\>\&1
configure:10043: $? = 0
configure:10057: result: no
configure:10217: checking dynamic linker characteristics
configure:10728: gcc -o conftest -g -O2   -Wl,-rpath -Wl,/foo conftest.c  >&5
configure:10728: $? = 0
configure:10954: result: GNU/Linux ld.so
configure:11061: checking how to hardcode library paths into programs
configure:11086: result: immediate
configure:11626: checking whether stripping libraries is possible
configure:11631: result: yes
configure:11666: checking if libtool supports shared libraries
configure:11668: result: yes
configure:11671: checking whether to build shared libraries
configure:11692: result: yes
configure:11695: checking whether to build static libraries
configure:11699: result: yes
configure:11741: checking for icotool
configure:11771: result: no
configure:11940: checking whether gcc understands -fexceptions
configure:11953: gcc -c -g -O2 -fexceptions  conftest.c >&5
configure:11953: $? = 0
configure:11960: result: yes
configure:11940: checking whether gcc understands -fstack-protector
configure:11953: gcc -c -g -O2 -fstack-protector  conftest.c >&5
configure:11953: $? = 0
configure:11960: result: yes
configure:11940: checking whether gcc understands --param=ssp-buffer-size=4
configure:11953: gcc -c -g -O2 --param=ssp-buffer-size=4  conftest.c >&5
configure:11953: $? = 0
configure:11960: result: yes
configure:11940: checking whether gcc understands -fasynchronous-unwind-tables
configure:11953: gcc -c -g -O2 -fasynchronous-unwind-tables  conftest.c >&5
configure:11953: $? = 0
configure:11960: result: yes
configure:11940: checking whether gcc understands -Wall
configure:11953: gcc -c -g -O2 -Wall  conftest.c >&5
configure:11953: $? = 0
configure:11960: result: yes
configure:11940: checking whether gcc understands -Wmissing-prototypes
configure:11953: gcc -c -g -O2 -Wmissing-prototypes  conftest.c >&5
configure:11953: $? = 0
configure:11960: result: yes
configure:11940: checking whether gcc understands -std=c99
configure:11953: gcc -c -g -O2 -std=c99  conftest.c >&5
configure:11953: $? = 0
configure:11960: result: yes
configure:11940: checking whether gcc understands -Wnested-externs
configure:11953: gcc -c -g -O2 -Wnested-externs  conftest.c >&5
configure:11953: $? = 0
configure:11960: result: yes
configure:11940: checking whether gcc understands -Wpointer-arith
configure:11953: gcc -c -g -O2 -Wpointer-arith  conftest.c >&5
configure:11953: $? = 0
configure:11960: result: yes
configure:11940: checking whether gcc understands -Wextra
configure:11953: gcc -c -g -O2 -Wextra  conftest.c >&5
configure:11953: $? = 0
configure:11960: result: yes
configure:11940: checking whether gcc understands -Wshadow
configure:11953: gcc -c -g -O2 -Wshadow  conftest.c >&5
configure:11953: $? = 0
configure:11960: result: yes
configure:11940: checking whether gcc understands -Wcast-align
configure:11953: gcc -c -g -O2 -Wcast-align  conftest.c >&5
configure:11953: $? = 0
configure:11960: result: yes
configure:11940: checking whether gcc understands -Wwrite-strings
configure:11953: gcc -c -g -O2 -Wwrite-strings  conftest.c >&5
configure:11953: $? = 0
configure:11960: result: yes
configure:11940: checking whether gcc understands -Waggregate-return
configure:11953: gcc -c -g -O2 -Waggregate-return  conftest.c >&5
configure:11953: $? = 0
configure:11960: result: yes
configure:11940: checking whether gcc understands -Winline
configure:11953: gcc -c -g -O2 -Winline  conftest.c >&5
configure:11953: $? = 0
configure:11960: result: yes
configure:11940: checking whether gcc understands -Wredundant-decls
configure:11953: gcc -c -g -O2 -Wredundant-decls  conftest.c >&5
configure:11953: $? = 0
configure:11960: result: yes
configure:11940: checking whether gcc understands -Wno-sign-compare
configure:11953: gcc -c -g -O2 -Wno-sign-compare  conftest.c >&5
configure:11953: $? = 0
configure:11960: result: yes
configure:11940: checking whether gcc understands -Wno-deprecated-declarations
configure:11953: gcc -c -g -O2 -Wno-deprecated-declarations  conftest.c >&5
configure:11953: $? = 0
configure:11960: result: yes
configure:11979: checking what language compliance flags to pass to the C compiler
configure:11994: result: 
configure:12012: checking locale.h usability
configure:12012: gcc -c -g -O2  conftest.c >&5
configure:12012: $? = 0
configure:12012: result: yes
configure:12012: checking locale.h presence
configure:12012: gcc -E  conftest.c
configure:12012: $? = 0
configure:12012: result: yes
configure:12012: checking for locale.h
configure:12012: result: yes
configure:12023: checking for LC_MESSAGES
configure:12039: gcc -o conftest -g -O2   conftest.c  >&5
configure:12039: $? = 0
configure:12047: result: yes
configure:12064: checking libintl.h usability
configure:12064: gcc -c -g -O2  conftest.c >&5
configure:12064: $? = 0
configure:12064: result: yes
configure:12064: checking libintl.h presence
configure:12064: gcc -E  conftest.c
configure:12064: $? = 0
configure:12064: result: yes
configure:12064: checking for libintl.h
configure:12064: result: yes
configure:12072: checking for ngettext in libc
configure:12090: gcc -o conftest -g -O2   conftest.c  >&5
configure:12090: $? = 0
configure:12099: result: yes
configure:12103: checking for dgettext in libc
configure:12121: gcc -o conftest -g -O2   conftest.c  >&5
configure:12121: $? = 0
configure:12130: result: yes
configure:12137: checking for bind_textdomain_codeset
configure:12137: gcc -o conftest -g -O2   conftest.c  >&5
configure:12137: $? = 0
configure:12137: result: yes
configure:12413: checking for msgfmt
configure:12440: result: /usr/bin/msgfmt
configure:12451: checking for dcgettext
configure:12451: gcc -o conftest -g -O2   conftest.c   >&5
conftest.c:52:6: warning: conflicting types for built-in function 'dcgettext' [enabled by default]
 char dcgettext ();
      ^
configure:12451: $? = 0
configure:12451: result: yes
configure:12461: checking if msgfmt accepts -c
configure:12476: $MSGFMT -c -o /dev/null conftest.foo
conftest.foo:3: warning: header field 'Language' missing in header
configure:12479: $? = 0
configure:12481: result: yes
configure:12491: checking for gmsgfmt
configure:12522: result: /usr/bin/msgfmt
configure:12532: checking for xgettext
configure:12559: result: /usr/bin/xgettext
configure:12578: gcc -o conftest -g -O2   conftest.c   >&5
configure:12578: $? = 0
configure:12718: checking whether NLS is requested
configure:12727: result: yes
configure:12745: checking for intltool >= 0.35.0
configure:12747: result: 0.50.2 found
configure:12755: checking for intltool-update
configure:12773: found /usr/bin/intltool-update
configure:12785: result: /usr/bin/intltool-update
configure:12795: checking for intltool-merge
configure:12813: found /usr/bin/intltool-merge
configure:12825: result: /usr/bin/intltool-merge
configure:12835: checking for intltool-extract
configure:12853: found /usr/bin/intltool-extract
configure:12865: result: /usr/bin/intltool-extract
configure:13019: checking for xgettext
configure:13049: result: /usr/bin/xgettext
configure:13059: checking for msgmerge
configure:13077: found /usr/bin/msgmerge
configure:13089: result: /usr/bin/msgmerge
configure:13099: checking for msgfmt
configure:13129: result: /usr/bin/msgfmt
configure:13139: checking for gmsgfmt
configure:13170: result: /usr/bin/msgfmt
configure:13190: checking for perl
configure:13208: found /usr/bin/perl
configure:13220: result: /usr/bin/perl
configure:13231: checking for perl >= 5.8.1
configure:13238: result: 5.18.2
configure:13242: checking for XML::Parser
configure:13245: result: ok
configure:13351: checking for pkg-config
configure:13369: found /usr/bin/pkg-config
configure:13381: result: /usr/bin/pkg-config
configure:13406: checking pkg-config is at least version 0.9.0
configure:13409: result: yes
configure:13422: checking for GLIB2
configure:13429: $PKG_CONFIG --exists --print-errors "glib-2.0 >= $GLIB2_REQUIRED gthread-2.0 gmodule-export-2.0"
configure:13432: $? = 0
configure:13446: $PKG_CONFIG --exists --print-errors "glib-2.0 >= $GLIB2_REQUIRED gthread-2.0 gmodule-export-2.0"
configure:13449: $? = 0
configure:13507: result: yes
configure:13513: checking for LIBXML2
configure:13520: $PKG_CONFIG --exists --print-errors "libxml-2.0 >= $LIBXML2_REQUIRED"
configure:13523: $? = 0
configure:13537: $PKG_CONFIG --exists --print-errors "libxml-2.0 >= $LIBXML2_REQUIRED"
configure:13540: $? = 0
configure:13598: result: yes
configure:13613: checking for LIBVIRT
configure:13620: $PKG_CONFIG --exists --print-errors "libvirt >= $LIBVIRT_REQUIRED"
Package libvirt was not found in the pkg-config search path.
Perhaps you should add the directory containing `libvirt.pc'
to the PKG_CONFIG_PATH environment variable
No package 'libvirt' found
configure:13623: $? = 1
configure:13637: $PKG_CONFIG --exists --print-errors "libvirt >= $LIBVIRT_REQUIRED"
Package libvirt was not found in the pkg-config search path.
Perhaps you should add the directory containing `libvirt.pc'
to the PKG_CONFIG_PATH environment variable
No package 'libvirt' found
configure:13640: $? = 1
configure:13654: result: no
No package 'libvirt' found
configure:13709: checking for virDomainOpenGraphicsFD in -lvirt
configure:13734: gcc -o conftest -g -O2   conftest.c -lvirt   >&5
/usr/bin/ld: cannot find -lvirt
collect2: error: ld returned 1 exit status
configure:13734: $? = 1
configure: failed program was:
| /* confdefs.h */
| #define PACKAGE_NAME "virt-viewer"
| #define PACKAGE_TARNAME "virt-viewer"
| #define PACKAGE_VERSION "2.0"
| #define PACKAGE_STRING "virt-viewer 2.0"
| #define PACKAGE_BUGREPORT ""
| #define PACKAGE_URL ""
| #define PACKAGE "virt-viewer"
| #define VERSION "2.0"
| #define STDC_HEADERS 1
| #define HAVE_SYS_TYPES_H 1
| #define HAVE_SYS_STAT_H 1
| #define HAVE_STDLIB_H 1
| #define HAVE_STRING_H 1
| #define HAVE_MEMORY_H 1
| #define HAVE_STRINGS_H 1
| #define HAVE_INTTYPES_H 1
| #define HAVE_STDINT_H 1
| #define HAVE_UNISTD_H 1
| #define HAVE_DLFCN_H 1
| #define LT_OBJDIR ".libs/"
| #define _GNU_SOURCE /**/
| #define GETTEXT_PACKAGE "virt-viewer"
| #define HAVE_LOCALE_H 1
| #define HAVE_LC_MESSAGES 1
| #define HAVE_BIND_TEXTDOMAIN_CODESET 1
| #define HAVE_GETTEXT 1
| #define HAVE_DCGETTEXT 1
| #define ENABLE_NLS 1
| /* end confdefs.h.  */
| 
| /* Override any GCC internal prototype to avoid an error.
|    Use char because int might match the return type of a GCC
|    builtin and then its argument prototype would still apply.  */
| #ifdef __cplusplus
| extern "C"
| #endif
| char virDomainOpenGraphicsFD ();
| int
| main ()
| {
| return virDomainOpenGraphicsFD ();
|   ;
|   return 0;
| }
configure:13743: result: no
configure:13753: checking which gtk+ version to compile against
configure:13766: result: 3.0
configure:13806: checking for GTK
configure:13813: $PKG_CONFIG --exists --print-errors "gtk+-$GTK_API_VERSION >= $GTK_REQUIRED"
configure:13816: $? = 0
configure:13830: $PKG_CONFIG --exists --print-errors "gtk+-$GTK_API_VERSION >= $GTK_REQUIRED"
configure:13833: $? = 0
configure:13891: result: yes
configure:13906: checking for GTK_VNC
configure:13913: $PKG_CONFIG --exists --print-errors "gtk-vnc-$GTK_VNC_API_VERSION >= $GTK_VNC_REQUIRED"
Package gtk-vnc-2.0 was not found in the pkg-config search path.
Perhaps you should add the directory containing `gtk-vnc-2.0.pc'
to the PKG_CONFIG_PATH environment variable
No package 'gtk-vnc-2.0' found
configure:13916: $? = 1
configure:13930: $PKG_CONFIG --exists --print-errors "gtk-vnc-$GTK_VNC_API_VERSION >= $GTK_VNC_REQUIRED"
Package gtk-vnc-2.0 was not found in the pkg-config search path.
Perhaps you should add the directory containing `gtk-vnc-2.0.pc'
to the PKG_CONFIG_PATH environment variable
No package 'gtk-vnc-2.0' found
configure:13933: $? = 1
configure:13947: result: no
No package 'gtk-vnc-2.0' found
configure:14009: checking for SPICE_GTK
configure:14016: $PKG_CONFIG --exists --print-errors "spice-client-gtk-$SPICE_GTK_API_VERSION >= $SPICE_GTK_REQUIRED"
configure:14019: $? = 0
configure:14033: $PKG_CONFIG --exists --print-errors "spice-client-gtk-$SPICE_GTK_API_VERSION >= $SPICE_GTK_REQUIRED"
configure:14036: $? = 0
configure:14074: result: yes
configure:14085: checking for SPICE_CONTROLLER
configure:14092: $PKG_CONFIG --exists --print-errors "spice-controller"
configure:14095: $? = 0
configure:14109: $PKG_CONFIG --exists --print-errors "spice-controller"
configure:14112: $? = 0
configure:14170: result: yes
configure:14176: checking for SPICE_PROTOCOL
configure:14183: $PKG_CONFIG --exists --print-errors "spice-protocol >= $SPICE_PROTOCOL_REQUIRED"
configure:14186: $? = 0
configure:14200: $PKG_CONFIG --exists --print-errors "spice-protocol >= $SPICE_PROTOCOL_REQUIRED"
configure:14203: $? = 0
configure:14261: result: yes
configure:14294: checking for OVIRT
configure:14301: $PKG_CONFIG --exists --print-errors "govirt-1.0 >= $GOVIRT_REQUIRED"
Package govirt-1.0 was not found in the pkg-config search path.
Perhaps you should add the directory containing `govirt-1.0.pc'
to the PKG_CONFIG_PATH environment variable
No package 'govirt-1.0' found
configure:14304: $? = 1
configure:14318: $PKG_CONFIG --exists --print-errors "govirt-1.0 >= $GOVIRT_REQUIRED"
Package govirt-1.0 was not found in the pkg-config search path.
Perhaps you should add the directory containing `govirt-1.0.pc'
to the PKG_CONFIG_PATH environment variable
No package 'govirt-1.0' found
configure:14321: $? = 1
configure:14335: result: no
No package 'govirt-1.0' found
configure:14390: checking sys/socket.h usability
configure:14390: gcc -c -g -O2  conftest.c >&5
configure:14390: $? = 0
configure:14390: result: yes
configure:14390: checking sys/socket.h presence
configure:14390: gcc -E  conftest.c
configure:14390: $? = 0
configure:14390: result: yes
configure:14390: checking for sys/socket.h
configure:14390: result: yes
configure:14390: checking sys/un.h usability
configure:14390: gcc -c -g -O2  conftest.c >&5
configure:14390: $? = 0
configure:14390: result: yes
configure:14390: checking sys/un.h presence
configure:14390: gcc -E  conftest.c
configure:14390: $? = 0
configure:14390: result: yes
configure:14390: checking for sys/un.h
configure:14390: result: yes
configure:14390: checking windows.h usability
configure:14390: gcc -c -g -O2  conftest.c >&5
conftest.c:67:21: fatal error: windows.h: No such file or directory
 #include <windows.h>
                     ^
compilation terminated.
configure:14390: $? = 1
configure: failed program was:
| /* confdefs.h */
| #define PACKAGE_NAME "virt-viewer"
| #define PACKAGE_TARNAME "virt-viewer"
| #define PACKAGE_VERSION "2.0"
| #define PACKAGE_STRING "virt-viewer 2.0"
| #define PACKAGE_BUGREPORT ""
| #define PACKAGE_URL ""
| #define PACKAGE "virt-viewer"
| #define VERSION "2.0"
| #define STDC_HEADERS 1
| #define HAVE_SYS_TYPES_H 1
| #define HAVE_SYS_STAT_H 1
| #define HAVE_STDLIB_H 1
| #define HAVE_STRING_H 1
| #define HAVE_MEMORY_H 1
| #define HAVE_STRINGS_H 1
| #define HAVE_INTTYPES_H 1
| #define HAVE_STDINT_H 1
| #define HAVE_UNISTD_H 1
| #define HAVE_DLFCN_H 1
| #define LT_OBJDIR ".libs/"
| #define _GNU_SOURCE /**/
| #define GETTEXT_PACKAGE "virt-viewer"
| #define HAVE_LOCALE_H 1
| #define HAVE_LC_MESSAGES 1
| #define HAVE_BIND_TEXTDOMAIN_CODESET 1
| #define HAVE_GETTEXT 1
| #define HAVE_DCGETTEXT 1
| #define ENABLE_NLS 1
| #define HAVE_SPICE_GTK 1
| #define HAVE_SYS_SOCKET_H 1
| #define HAVE_SYS_UN_H 1
| /* end confdefs.h.  */
| #include <stdio.h>
| #ifdef HAVE_SYS_TYPES_H
| # include <sys/types.h>
| #endif
| #ifdef HAVE_SYS_STAT_H
| # include <sys/stat.h>
| #endif
| #ifdef STDC_HEADERS
| # include <stdlib.h>
| # include <stddef.h>
| #else
| # ifdef HAVE_STDLIB_H
| #  include <stdlib.h>
| # endif
| #endif
| #ifdef HAVE_STRING_H
| # if !defined STDC_HEADERS && defined HAVE_MEMORY_H
| #  include <memory.h>
| # endif
| # include <string.h>
| #endif
| #ifdef HAVE_STRINGS_H
| # include <strings.h>
| #endif
| #ifdef HAVE_INTTYPES_H
| # include <inttypes.h>
| #endif
| #ifdef HAVE_STDINT_H
| # include <stdint.h>
| #endif
| #ifdef HAVE_UNISTD_H
| # include <unistd.h>
| #endif
| #include <windows.h>
configure:14390: result: no
configure:14390: checking windows.h presence
configure:14390: gcc -E  conftest.c
conftest.c:34:21: fatal error: windows.h: No such file or directory
 #include <windows.h>
                     ^
compilation terminated.
configure:14390: $? = 1
configure: failed program was:
| /* confdefs.h */
| #define PACKAGE_NAME "virt-viewer"
| #define PACKAGE_TARNAME "virt-viewer"
| #define PACKAGE_VERSION "2.0"
| #define PACKAGE_STRING "virt-viewer 2.0"
| #define PACKAGE_BUGREPORT ""
| #define PACKAGE_URL ""
| #define PACKAGE "virt-viewer"
| #define VERSION "2.0"
| #define STDC_HEADERS 1
| #define HAVE_SYS_TYPES_H 1
| #define HAVE_SYS_STAT_H 1
| #define HAVE_STDLIB_H 1
| #define HAVE_STRING_H 1
| #define HAVE_MEMORY_H 1
| #define HAVE_STRINGS_H 1
| #define HAVE_INTTYPES_H 1
| #define HAVE_STDINT_H 1
| #define HAVE_UNISTD_H 1
| #define HAVE_DLFCN_H 1
| #define LT_OBJDIR ".libs/"
| #define _GNU_SOURCE /**/
| #define GETTEXT_PACKAGE "virt-viewer"
| #define HAVE_LOCALE_H 1
| #define HAVE_LC_MESSAGES 1
| #define HAVE_BIND_TEXTDOMAIN_CODESET 1
| #define HAVE_GETTEXT 1
| #define HAVE_DCGETTEXT 1
| #define ENABLE_NLS 1
| #define HAVE_SPICE_GTK 1
| #define HAVE_SYS_SOCKET_H 1
| #define HAVE_SYS_UN_H 1
| /* end confdefs.h.  */
| #include <windows.h>
configure:14390: result: no
configure:14390: checking for windows.h
configure:14390: result: no
configure:14403: checking for fork
configure:14403: gcc -o conftest -g -O2   conftest.c  >&5
conftest.c:57:6: warning: conflicting types for built-in function 'fork' [enabled by default]
 char fork ();
      ^
configure:14403: $? = 0
configure:14403: result: yes
configure:14403: checking for socketpair
configure:14403: gcc -o conftest -g -O2   conftest.c  >&5
configure:14403: $? = 0
configure:14403: result: yes
configure:14442: checking for update-mime-database
configure:14460: found /usr/bin/update-mime-database
configure:14473: result: /usr/bin/update-mime-database
configure:14610: checking that generated files are newer than configure
configure:14616: result: done
configure:14675: creating ./config.status

## ---------------------- ##
## Running config.status. ##
## ---------------------- ##

This file was extended by virt-viewer config.status 2.0, which was
generated by GNU Autoconf 2.69.  Invocation command line was

  CONFIG_FILES    = 
  CONFIG_HEADERS  = 
  CONFIG_LINKS    = 
  CONFIG_COMMANDS = 
  $ ./config.status 

on ubuntu

config.status:1255: creating Makefile
config.status:1255: creating data/Makefile
config.status:1255: creating data/adwaita-icons-needed.wxi
config.status:1255: creating data/virt-viewer.wxs
config.status:1255: creating data/virt-viewer.nsis
config.status:1255: creating data/virt-viewer-debug.nsis
config.status:1255: creating icons/Makefile
config.status:1255: creating icons/16x16/Makefile
config.status:1255: creating icons/22x22/Makefile
config.status:1255: creating icons/24x24/Makefile
config.status:1255: creating icons/32x32/Makefile
config.status:1255: creating icons/48x48/Makefile
config.status:1255: creating icons/256x256/Makefile
config.status:1255: creating man/Makefile
config.status:1255: creating mingw-virt-viewer.spec
config.status:1255: creating po/Makefile.in
config.status:1255: creating src/Makefile
config.status:1255: creating src/virt-viewer.rc
config.status:1255: creating virt-viewer.spec
config.status:1255: creating config.h
config.status:1515: executing depfiles commands
config.status:1515: executing libtool commands
config.status:1515: executing default-1 commands
config.status:1515: executing po/stamp-it commands
configure:16982: 
configure:16984: Configuration summary
configure:16986: =====================
configure:16988: 
configure:16990:  Features:
configure:16992: 
configure:16994:       Gtk: 3.0
configure:16996: 
configure:16998:  Libraries:
configure:17000: 
configure:17002:        GLIB2: -pthread -I/usr/include/glib-2.0 -I/usr/lib/i386-linux-gnu/glib-2.0/include   -pthread -Wl,--export-dynamic -lgthread-2.0 -lgmodule-2.0 -lglib-2.0  
configure:17004: 
configure:17006:          GTK: -pthread -I/usr/include/gtk-3.0 -I/usr/include/atk-1.0 -I/usr/include/at-spi2-atk/2.0 -I/usr/include/pango-1.0 -I/usr/include/gio-unix-2.0/ -I/usr/include/cairo -I/usr/include/gdk-pixbuf-2.0 -I/usr/include/glib-2.0 -I/usr/lib/i386-linux-gnu/glib-2.0/include -I/usr/include/harfbuzz -I/usr/include/freetype2 -I/usr/include/pixman-1 -I/usr/include/libpng12   -lgtk-3 -lgdk-3 -latk-1.0 -lgio-2.0 -lpangocairo-1.0 -lgdk_pixbuf-2.0 -lcairo-gobject -lpango-1.0 -lcairo -lgobject-2.0 -lglib-2.0  
configure:17008: 
configure:17010:      GTK_VNC:  
configure:17012: 
configure:17014:    SPICE_GTK: -pthread -I/usr/local/include/spice-client-gtk-3.0 -I/usr/local/include/spice-client-glib-2.0 -I/usr/local/include/spice-1 -I/usr/include/gtk-3.0 -I/usr/include/atk-1.0 -I/usr/include/at-spi2-atk/2.0 -I/usr/include/pango-1.0 -I/usr/include/gio-unix-2.0/ -I/usr/include/cairo -I/usr/include/gdk-pixbuf-2.0 -I/usr/include/glib-2.0 -I/usr/lib/i386-linux-gnu/glib-2.0/include -I/usr/include/harfbuzz -I/usr/include/freetype2 -I/usr/include/pixman-1 -I/usr/include/libpng12   -L/usr/local/lib -lspice-client-gtk-3.0 -lgtk-3 -lspice-client-glib-2.0 -lgdk-3 -latk-1.0 -lgio-2.0 -lpangocairo-1.0 -lgdk_pixbuf-2.0 -lcairo-gobject -lpango-1.0 -lcairo -lgobject-2.0 -lglib-2.0  
configure:17016: 
configure:17018:      LIBXML2: -I/usr/include/libxml2   -lxml2  
configure:17020: 
configure:17022:      LIBVIRT:  
configure:17024: 
configure:17026:        OVIRT:  
configure:17028: 

## ---------------- ##
## Cache variables. ##
## ---------------- ##

ac_cv_build=i686-pc-linux-gnu
ac_cv_c_compiler_gnu=yes
ac_cv_env_CC_set=
ac_cv_env_CC_value=
ac_cv_env_CFLAGS_set=
ac_cv_env_CFLAGS_value=
ac_cv_env_CPPFLAGS_set=
ac_cv_env_CPPFLAGS_value=
ac_cv_env_CPP_set=
ac_cv_env_CPP_value=
ac_cv_env_GLIB2_CFLAGS_set=
ac_cv_env_GLIB2_CFLAGS_value=
ac_cv_env_GLIB2_LIBS_set=
ac_cv_env_GLIB2_LIBS_value=
ac_cv_env_GTK_CFLAGS_set=
ac_cv_env_GTK_CFLAGS_value=
ac_cv_env_GTK_LIBS_set=
ac_cv_env_GTK_LIBS_value=
ac_cv_env_GTK_VNC_CFLAGS_set=
ac_cv_env_GTK_VNC_CFLAGS_value=
ac_cv_env_GTK_VNC_LIBS_set=
ac_cv_env_GTK_VNC_LIBS_value=
ac_cv_env_LDFLAGS_set=
ac_cv_env_LDFLAGS_value=
ac_cv_env_LIBS_set=
ac_cv_env_LIBS_value=
ac_cv_env_LIBVIRT_CFLAGS_set=
ac_cv_env_LIBVIRT_CFLAGS_value=
ac_cv_env_LIBVIRT_LIBS_set=
ac_cv_env_LIBVIRT_LIBS_value=
ac_cv_env_LIBXML2_CFLAGS_set=
ac_cv_env_LIBXML2_CFLAGS_value=
ac_cv_env_LIBXML2_LIBS_set=
ac_cv_env_LIBXML2_LIBS_value=
ac_cv_env_OVIRT_CFLAGS_set=
ac_cv_env_OVIRT_CFLAGS_value=
ac_cv_env_OVIRT_LIBS_set=
ac_cv_env_OVIRT_LIBS_value=
ac_cv_env_PKG_CONFIG_LIBDIR_set=
ac_cv_env_PKG_CONFIG_LIBDIR_value=
ac_cv_env_PKG_CONFIG_PATH_set=
ac_cv_env_PKG_CONFIG_PATH_value=
ac_cv_env_PKG_CONFIG_set=
ac_cv_env_PKG_CONFIG_value=
ac_cv_env_SPICE_CONTROLLER_CFLAGS_set=
ac_cv_env_SPICE_CONTROLLER_CFLAGS_value=
ac_cv_env_SPICE_CONTROLLER_LIBS_set=
ac_cv_env_SPICE_CONTROLLER_LIBS_value=
ac_cv_env_SPICE_GTK_CFLAGS_set=
ac_cv_env_SPICE_GTK_CFLAGS_value=
ac_cv_env_SPICE_GTK_LIBS_set=
ac_cv_env_SPICE_GTK_LIBS_value=
ac_cv_env_SPICE_PROTOCOL_CFLAGS_set=
ac_cv_env_SPICE_PROTOCOL_CFLAGS_value=
ac_cv_env_SPICE_PROTOCOL_LIBS_set=
ac_cv_env_SPICE_PROTOCOL_LIBS_value=
ac_cv_env_build_alias_set=
ac_cv_env_build_alias_value=
ac_cv_env_host_alias_set=
ac_cv_env_host_alias_value=
ac_cv_env_target_alias_set=
ac_cv_env_target_alias_value=
ac_cv_func_bind_textdomain_codeset=yes
ac_cv_func_dcgettext=yes
ac_cv_func_fork=yes
ac_cv_func_socketpair=yes
ac_cv_header_dlfcn_h=yes
ac_cv_header_inttypes_h=yes
ac_cv_header_libintl_h=yes
ac_cv_header_locale_h=yes
ac_cv_header_memory_h=yes
ac_cv_header_stdc=yes
ac_cv_header_stdint_h=yes
ac_cv_header_stdlib_h=yes
ac_cv_header_string_h=yes
ac_cv_header_strings_h=yes
ac_cv_header_sys_socket_h=yes
ac_cv_header_sys_stat_h=yes
ac_cv_header_sys_types_h=yes
ac_cv_header_sys_un_h=yes
ac_cv_header_unistd_h=yes
ac_cv_header_windows_h=no
ac_cv_host=i686-pc-linux-gnu
ac_cv_lib_virt_virDomainOpenGraphicsFD=no
ac_cv_objext=o
ac_cv_path_EGREP='/bin/grep -E'
ac_cv_path_FGREP='/bin/grep -F'
ac_cv_path_GMSGFMT=/usr/bin/msgfmt
ac_cv_path_GREP=/bin/grep
ac_cv_path_INTLTOOL_EXTRACT=/usr/bin/intltool-extract
ac_cv_path_INTLTOOL_MERGE=/usr/bin/intltool-merge
ac_cv_path_INTLTOOL_PERL=/usr/bin/perl
ac_cv_path_INTLTOOL_UPDATE=/usr/bin/intltool-update
ac_cv_path_MSGFMT=/usr/bin/msgfmt
ac_cv_path_MSGMERGE=/usr/bin/msgmerge
ac_cv_path_SED=/bin/sed
ac_cv_path_UPDATE_MIME_DATABASE=/usr/bin/update-mime-database
ac_cv_path_XGETTEXT=/usr/bin/xgettext
ac_cv_path_ac_pt_PKG_CONFIG=/usr/bin/pkg-config
ac_cv_path_install='/usr/bin/install -c'
ac_cv_path_mkdir=/bin/mkdir
ac_cv_prog_AWK=mawk
ac_cv_prog_CPP='gcc -E'
ac_cv_prog_ac_ct_AR=ar
ac_cv_prog_ac_ct_CC=gcc
ac_cv_prog_ac_ct_MANIFEST_TOOL=mt
ac_cv_prog_ac_ct_OBJDUMP=objdump
ac_cv_prog_ac_ct_RANLIB=ranlib
ac_cv_prog_ac_ct_STRIP=strip
ac_cv_prog_cc_c89=
ac_cv_prog_cc_g=yes
ac_cv_prog_make_make_set=yes
am_cv_CC_dependencies_compiler_type=gcc3
am_cv_make_support_nested_variables=yes
am_cv_prog_cc_c_o=yes
am_cv_val_LC_MESSAGES=yes
gt_cv_func_dgettext_libc=yes
gt_cv_func_dgettext_libintl=no
gt_cv_func_ngettext_libc=yes
gt_cv_have_gettext=yes
lt_cv_ar_at_file=@
lt_cv_archive_cmds_need_lc=no
lt_cv_deplibs_check_method=pass_all
lt_cv_file_magic_cmd='$MAGIC_CMD'
lt_cv_file_magic_test_file=
lt_cv_ld_reload_flag=-r
lt_cv_nm_interface='BSD nm'
lt_cv_objdir=.libs
lt_cv_path_LD=/usr/bin/ld
lt_cv_path_NM='/usr/bin/nm -B'
lt_cv_path_mainfest_tool=no
lt_cv_prog_compiler_c_o=yes
lt_cv_prog_compiler_pic='-fPIC -DPIC'
lt_cv_prog_compiler_pic_works=yes
lt_cv_prog_compiler_rtti_exceptions=no
lt_cv_prog_compiler_static_works=yes
lt_cv_prog_gnu_ld=yes
lt_cv_sharedlib_from_linklib_cmd='printf %s\n'
lt_cv_shlibpath_overrides_runpath=no
lt_cv_sys_global_symbol_pipe='sed -n -e '\''s/^.*[	 ]\([ABCDGIRSTW][ABCDGIRSTW]*\)[	 ][	 ]*\([_A-Za-z][_A-Za-z0-9]*\)$/\1 \2 \2/p'\'' | sed '\''/ __gnu_lto/d'\'''
lt_cv_sys_global_symbol_to_c_name_address='sed -n -e '\''s/^: \([^ ]*\)[ ]*$/  {\"\1\", (void *) 0},/p'\'' -e '\''s/^[ABCDGIRSTW]* \([^ ]*\) \([^ ]*\)$/  {"\2", (void *) \&\2},/p'\'''
lt_cv_sys_global_symbol_to_c_name_address_lib_prefix='sed -n -e '\''s/^: \([^ ]*\)[ ]*$/  {\"\1\", (void *) 0},/p'\'' -e '\''s/^[ABCDGIRSTW]* \([^ ]*\) \(lib[^ ]*\)$/  {"\2", (void *) \&\2},/p'\'' -e '\''s/^[ABCDGIRSTW]* \([^ ]*\) \([^ ]*\)$/  {"lib\2", (void *) \&\2},/p'\'''
lt_cv_sys_global_symbol_to_cdecl='sed -n -e '\''s/^T .* \(.*\)$/extern int \1();/p'\'' -e '\''s/^[ABCDGIRSTW]* .* \(.*\)$/extern char \1;/p'\'''
lt_cv_sys_max_cmd_len=1572864
lt_cv_to_host_file_cmd=func_convert_file_noop
lt_cv_to_tool_file_cmd=func_convert_file_noop
pkg_cv_GLIB2_CFLAGS='-pthread -I/usr/include/glib-2.0 -I/usr/lib/i386-linux-gnu/glib-2.0/include  '
pkg_cv_GLIB2_LIBS='-pthread -Wl,--export-dynamic -lgthread-2.0 -lgmodule-2.0 -lglib-2.0  '
pkg_cv_GTK_CFLAGS='-pthread -I/usr/include/gtk-3.0 -I/usr/include/atk-1.0 -I/usr/include/at-spi2-atk/2.0 -I/usr/include/pango-1.0 -I/usr/include/gio-unix-2.0/ -I/usr/include/cairo -I/usr/include/gdk-pixbuf-2.0 -I/usr/include/glib-2.0 -I/usr/lib/i386-linux-gnu/glib-2.0/include -I/usr/include/harfbuzz -I/usr/include/freetype2 -I/usr/include/pixman-1 -I/usr/include/libpng12  '
pkg_cv_GTK_LIBS='-lgtk-3 -lgdk-3 -latk-1.0 -lgio-2.0 -lpangocairo-1.0 -lgdk_pixbuf-2.0 -lcairo-gobject -lpango-1.0 -lcairo -lgobject-2.0 -lglib-2.0  '
pkg_cv_LIBXML2_CFLAGS='-I/usr/include/libxml2  '
pkg_cv_LIBXML2_LIBS='-lxml2  '
pkg_cv_SPICE_CONTROLLER_CFLAGS='-I/usr/local/include/spice-controller -I/usr/include/glib-2.0 -I/usr/lib/i386-linux-gnu/glib-2.0/include  '
pkg_cv_SPICE_CONTROLLER_LIBS='-L/usr/local/lib -lspice-controller -lglib-2.0  '
pkg_cv_SPICE_GTK_CFLAGS='-pthread -I/usr/local/include/spice-client-gtk-3.0 -I/usr/local/include/spice-client-glib-2.0 -I/usr/local/include/spice-1 -I/usr/include/gtk-3.0 -I/usr/include/atk-1.0 -I/usr/include/at-spi2-atk/2.0 -I/usr/include/pango-1.0 -I/usr/include/gio-unix-2.0/ -I/usr/include/cairo -I/usr/include/gdk-pixbuf-2.0 -I/usr/include/glib-2.0 -I/usr/lib/i386-linux-gnu/glib-2.0/include -I/usr/include/harfbuzz -I/usr/include/freetype2 -I/usr/include/pixman-1 -I/usr/include/libpng12  '
pkg_cv_SPICE_GTK_LIBS='-L/usr/local/lib -lspice-client-gtk-3.0 -lgtk-3 -lspice-client-glib-2.0 -lgdk-3 -latk-1.0 -lgio-2.0 -lpangocairo-1.0 -lgdk_pixbuf-2.0 -lcairo-gobject -lpango-1.0 -lcairo -lgobject-2.0 -lglib-2.0  '
pkg_cv_SPICE_PROTOCOL_CFLAGS='-I/usr/local/include/spice-1  '
pkg_cv_SPICE_PROTOCOL_LIBS=' '

## ----------------- ##
## Output variables. ##
## ----------------- ##

ACLOCAL='${SHELL} /home/golden/work/virt-viewer-2.0/build-aux/missing aclocal-1.15'
ALL_LINGUAS=''
AMDEPBACKSLASH='\'
AMDEP_FALSE='#'
AMDEP_TRUE=''
AMTAR='$${TAR-tar}'
AM_BACKSLASH='\'
AM_DEFAULT_V='$(AM_DEFAULT_VERBOSITY)'
AM_DEFAULT_VERBOSITY='0'
AM_V='$(V)'
AR='ar'
AUTOCONF='${SHELL} /home/golden/work/virt-viewer-2.0/build-aux/missing autoconf'
AUTOHEADER='${SHELL} /home/golden/work/virt-viewer-2.0/build-aux/missing autoheader'
AUTOMAKE='${SHELL} /home/golden/work/virt-viewer-2.0/build-aux/missing automake-1.15'
AWK='mawk'
BUILDID='0'
CATALOGS=''
CATOBJEXT='.gmo'
CC='gcc'
CCDEPMODE='depmode=gcc3'
CFLAGS='-g -O2'
CPP='gcc -E'
CPPFLAGS=''
CYGPATH_W='echo'
DATADIRNAME='share'
DEFS='-DHAVE_CONFIG_H'
DEPDIR='.deps'
DLLTOOL='false'
DSYMUTIL=''
DUMPBIN=''
ECHO_C=''
ECHO_N='-n'
ECHO_T=''
EGREP='/bin/grep -E'
ENABLE_UPDATE_MIMEDB_FALSE='#'
ENABLE_UPDATE_MIMEDB_TRUE=''
EXEEXT=''
FGREP='/bin/grep -F'
GETTEXT_PACKAGE='virt-viewer'
GLIB2_CFLAGS='-pthread -I/usr/include/glib-2.0 -I/usr/lib/i386-linux-gnu/glib-2.0/include  '
GLIB2_LIBS='-pthread -Wl,--export-dynamic -lgthread-2.0 -lgmodule-2.0 -lglib-2.0  '
GLIB2_REQUIRED='2.22.0'
GLIB_MKENUMS='glib-mkenums'
GMOFILES=''
GMSGFMT='/usr/bin/msgfmt'
GOVIRT_REQUIRED='0.3.2'
GREP='/bin/grep'
GTK2_REQUIRED='2.18.0'
GTK3_REQUIRED='3.0'
GTK_API_VERSION='3.0'
GTK_CFLAGS='-pthread -I/usr/include/gtk-3.0 -I/usr/include/atk-1.0 -I/usr/include/at-spi2-atk/2.0 -I/usr/include/pango-1.0 -I/usr/include/gio-unix-2.0/ -I/usr/include/cairo -I/usr/include/gdk-pixbuf-2.0 -I/usr/include/glib-2.0 -I/usr/lib/i386-linux-gnu/glib-2.0/include -I/usr/include/harfbuzz -I/usr/include/freetype2 -I/usr/include/pixman-1 -I/usr/include/libpng12  '
GTK_LIBS='-lgtk-3 -lgdk-3 -latk-1.0 -lgio-2.0 -lpangocairo-1.0 -lgdk_pixbuf-2.0 -lcairo-gobject -lpango-1.0 -lcairo -lgobject-2.0 -lglib-2.0  '
GTK_REQUIRED='3.0'
GTK_VNC1_REQUIRED='0.3.8'
GTK_VNC2_REQUIRED='0.4.0'
GTK_VNC_API_VERSION='2.0'
GTK_VNC_CFLAGS=''
GTK_VNC_LIBS=''
HAVE_GTK_2_FALSE=''
HAVE_GTK_2_TRUE='#'
HAVE_GTK_3_FALSE='#'
HAVE_GTK_3_TRUE=''
HAVE_GTK_VNC_FALSE=''
HAVE_GTK_VNC_TRUE='#'
HAVE_LIBVIRT_FALSE=''
HAVE_LIBVIRT_TRUE='#'
HAVE_OVIRT_FALSE=''
HAVE_OVIRT_TRUE='#'
HAVE_SPICE_GTK_FALSE='#'
HAVE_SPICE_GTK_TRUE=''
ICOTOOL='icotool'
INSTALL_DATA='${INSTALL} -m 644'
INSTALL_PROGRAM='${INSTALL}'
INSTALL_SCRIPT='${INSTALL}'
INSTALL_STRIP_PROGRAM='$(install_sh) -c -s'
INSTOBJEXT='.mo'
INTLLIBS=''
INTLTOOL_CAVES_RULE='%.caves:     %.caves.in     $(INTLTOOL_MERGE) $(wildcard $(top_srcdir)/po/*.po) ; $(INTLTOOL_V_MERGE)LC_ALL=C $(INTLTOOL_MERGE) $(INTLTOOL_V_MERGE_OPTIONS) -d -u -c $(top_builddir)/po/.intltool-merge-cache $(top_srcdir)/po $< $@'
INTLTOOL_DESKTOP_RULE='%.desktop:   %.desktop.in   $(INTLTOOL_MERGE) $(wildcard $(top_srcdir)/po/*.po) ; $(INTLTOOL_V_MERGE)LC_ALL=C $(INTLTOOL_MERGE) $(INTLTOOL_V_MERGE_OPTIONS) -d -u -c $(top_builddir)/po/.intltool-merge-cache $(top_srcdir)/po $< $@'
INTLTOOL_DIRECTORY_RULE='%.directory: %.directory.in $(INTLTOOL_MERGE) $(wildcard $(top_srcdir)/po/*.po) ; $(INTLTOOL_V_MERGE)LC_ALL=C $(INTLTOOL_MERGE) $(INTLTOOL_V_MERGE_OPTIONS) -d -u -c $(top_builddir)/po/.intltool-merge-cache $(top_srcdir)/po $< $@'
INTLTOOL_EXTRACT='/usr/bin/intltool-extract'
INTLTOOL_KBD_RULE='%.kbd:       %.kbd.in       $(INTLTOOL_MERGE) $(wildcard $(top_srcdir)/po/*.po) ; $(INTLTOOL_V_MERGE)LC_ALL=C $(INTLTOOL_MERGE) $(INTLTOOL_V_MERGE_OPTIONS) -x -u -m -c $(top_builddir)/po/.intltool-merge-cache $(top_srcdir)/po $< $@'
INTLTOOL_KEYS_RULE='%.keys:      %.keys.in      $(INTLTOOL_MERGE) $(wildcard $(top_srcdir)/po/*.po) ; $(INTLTOOL_V_MERGE)LC_ALL=C $(INTLTOOL_MERGE) $(INTLTOOL_V_MERGE_OPTIONS) -k -u -c $(top_builddir)/po/.intltool-merge-cache $(top_srcdir)/po $< $@'
INTLTOOL_MERGE='/usr/bin/intltool-merge'
INTLTOOL_OAF_RULE='%.oaf:       %.oaf.in       $(INTLTOOL_MERGE) $(wildcard $(top_srcdir)/po/*.po) ; $(INTLTOOL_V_MERGE)LC_ALL=C $(INTLTOOL_MERGE) $(INTLTOOL_V_MERGE_OPTIONS) -o -p $(top_srcdir)/po $< $@'
INTLTOOL_PERL='/usr/bin/perl'
INTLTOOL_POLICY_RULE='%.policy:    %.policy.in    $(INTLTOOL_MERGE) $(wildcard $(top_srcdir)/po/*.po) ; $(INTLTOOL_V_MERGE)LC_ALL=C $(INTLTOOL_MERGE) $(INTLTOOL_V_MERGE_OPTIONS) -x -u -c $(top_builddir)/po/.intltool-merge-cache $(top_srcdir)/po $< $@'
INTLTOOL_PONG_RULE='%.pong:      %.pong.in      $(INTLTOOL_MERGE) $(wildcard $(top_srcdir)/po/*.po) ; $(INTLTOOL_V_MERGE)LC_ALL=C $(INTLTOOL_MERGE) $(INTLTOOL_V_MERGE_OPTIONS) -x -u -c $(top_builddir)/po/.intltool-merge-cache $(top_srcdir)/po $< $@'
INTLTOOL_PROP_RULE='%.prop:      %.prop.in      $(INTLTOOL_MERGE) $(wildcard $(top_srcdir)/po/*.po) ; $(INTLTOOL_V_MERGE)LC_ALL=C $(INTLTOOL_MERGE) $(INTLTOOL_V_MERGE_OPTIONS) -d -u -c $(top_builddir)/po/.intltool-merge-cache $(top_srcdir)/po $< $@'
INTLTOOL_SCHEMAS_RULE='%.schemas:   %.schemas.in   $(INTLTOOL_MERGE) $(wildcard $(top_srcdir)/po/*.po) ; $(INTLTOOL_V_MERGE)LC_ALL=C $(INTLTOOL_MERGE) $(INTLTOOL_V_MERGE_OPTIONS) -s -u -c $(top_builddir)/po/.intltool-merge-cache $(top_srcdir)/po $< $@'
INTLTOOL_SERVER_RULE='%.server:    %.server.in    $(INTLTOOL_MERGE) $(wildcard $(top_srcdir)/po/*.po) ; $(INTLTOOL_V_MERGE)LC_ALL=C $(INTLTOOL_MERGE) $(INTLTOOL_V_MERGE_OPTIONS) -o -u -c $(top_builddir)/po/.intltool-merge-cache $(top_srcdir)/po $< $@'
INTLTOOL_SERVICE_RULE='%.service: %.service.in   $(INTLTOOL_MERGE) $(wildcard $(top_srcdir)/po/*.po) ; $(INTLTOOL_V_MERGE)LC_ALL=C $(INTLTOOL_MERGE) $(INTLTOOL_V_MERGE_OPTIONS) -d -u -c $(top_builddir)/po/.intltool-merge-cache $(top_srcdir)/po $< $@'
INTLTOOL_SHEET_RULE='%.sheet:     %.sheet.in     $(INTLTOOL_MERGE) $(wildcard $(top_srcdir)/po/*.po) ; $(INTLTOOL_V_MERGE)LC_ALL=C $(INTLTOOL_MERGE) $(INTLTOOL_V_MERGE_OPTIONS) -x -u -c $(top_builddir)/po/.intltool-merge-cache $(top_srcdir)/po $< $@'
INTLTOOL_SOUNDLIST_RULE='%.soundlist: %.soundlist.in $(INTLTOOL_MERGE) $(wildcard $(top_srcdir)/po/*.po) ; $(INTLTOOL_V_MERGE)LC_ALL=C $(INTLTOOL_MERGE) $(INTLTOOL_V_MERGE_OPTIONS) -d -u -c $(top_builddir)/po/.intltool-merge-cache $(top_srcdir)/po $< $@'
INTLTOOL_THEME_RULE='%.theme:     %.theme.in     $(INTLTOOL_MERGE) $(wildcard $(top_srcdir)/po/*.po) ; $(INTLTOOL_V_MERGE)LC_ALL=C $(INTLTOOL_MERGE) $(INTLTOOL_V_MERGE_OPTIONS) -d -u -c $(top_builddir)/po/.intltool-merge-cache $(top_srcdir)/po $< $@'
INTLTOOL_UI_RULE='%.ui:        %.ui.in        $(INTLTOOL_MERGE) $(wildcard $(top_srcdir)/po/*.po) ; $(INTLTOOL_V_MERGE)LC_ALL=C $(INTLTOOL_MERGE) $(INTLTOOL_V_MERGE_OPTIONS) -x -u -c $(top_builddir)/po/.intltool-merge-cache $(top_srcdir)/po $< $@'
INTLTOOL_UPDATE='/usr/bin/intltool-update'
INTLTOOL_V_MERGE='$(INTLTOOL__v_MERGE_$(V))'
INTLTOOL_V_MERGE_OPTIONS='$(intltool__v_merge_options_$(V))'
INTLTOOL_XAM_RULE='%.xam:       %.xml.in       $(INTLTOOL_MERGE) $(wildcard $(top_srcdir)/po/*.po) ; $(INTLTOOL_V_MERGE)LC_ALL=C $(INTLTOOL_MERGE) $(INTLTOOL_V_MERGE_OPTIONS) -x -u -c $(top_builddir)/po/.intltool-merge-cache $(top_srcdir)/po $< $@'
INTLTOOL_XML_NOMERGE_RULE='%.xml:       %.xml.in       $(INTLTOOL_MERGE) ; $(INTLTOOL_V_MERGE)LC_ALL=C $(INTLTOOL_MERGE) $(INTLTOOL_V_MERGE_OPTIONS) -x -u --no-translations $< $@'
INTLTOOL_XML_RULE='%.xml:       %.xml.in       $(INTLTOOL_MERGE) $(wildcard $(top_srcdir)/po/*.po) ; $(INTLTOOL_V_MERGE)LC_ALL=C $(INTLTOOL_MERGE) $(INTLTOOL_V_MERGE_OPTIONS) -x -u -c $(top_builddir)/po/.intltool-merge-cache $(top_srcdir)/po $< $@'
INTLTOOL__v_MERGE_0='@echo "  ITMRG " $@;'
INTLTOOL__v_MERGE_='$(INTLTOOL__v_MERGE_$(AM_DEFAULT_VERBOSITY))'
LD='/usr/bin/ld'
LDFLAGS=''
LIBOBJS=''
LIBS=''
LIBTOOL='$(SHELL) $(top_builddir)/libtool'
LIBVIRT_CFLAGS=''
LIBVIRT_LIBS=''
LIBVIRT_REQUIRED='0.10.0'
LIBXML2_CFLAGS='-I/usr/include/libxml2  '
LIBXML2_LIBS='-lxml2  '
LIBXML2_REQUIRED='2.6.0'
LIPO=''
LN_S='ln -s'
LTLIBOBJS=''
MAKEINFO='${SHELL} /home/golden/work/virt-viewer-2.0/build-aux/missing makeinfo'
MANIFEST_TOOL=':'
MKDIR_P='/bin/mkdir -p'
MKINSTALLDIRS='build-aux/mkinstalldirs'
MSGFMT='/usr/bin/msgfmt'
MSGFMT_OPTS='-c'
MSGMERGE='/usr/bin/msgmerge'
NM='/usr/bin/nm -B'
NMEDIT=''
OBJDUMP='objdump'
OBJEXT='o'
OS_WIN32_FALSE=''
OS_WIN32_TRUE='#'
OTOOL64=''
OTOOL=''
OVIRT_CFLAGS=''
OVIRT_LIBS=''
PACKAGE='virt-viewer'
PACKAGE_BUGREPORT=''
PACKAGE_NAME='virt-viewer'
PACKAGE_STRING='virt-viewer 2.0'
PACKAGE_TARNAME='virt-viewer'
PACKAGE_URL=''
PACKAGE_VERSION='2.0'
PATH_SEPARATOR=':'
PKG_CONFIG='/usr/bin/pkg-config'
PKG_CONFIG_LIBDIR=''
PKG_CONFIG_PATH=''
POFILES=''
POSUB='po'
PO_IN_DATADIR_FALSE=''
PO_IN_DATADIR_TRUE=''
RANLIB='ranlib'
SED='/bin/sed'
SET_MAKE=''
SHELL='/bin/bash'
SPICE_CONTROLLER_CFLAGS='-I/usr/local/include/spice-controller -I/usr/include/glib-2.0 -I/usr/lib/i386-linux-gnu/glib-2.0/include  '
SPICE_CONTROLLER_LIBS='-L/usr/local/lib -lspice-controller -lglib-2.0  '
SPICE_GTK_CFLAGS='-pthread -I/usr/local/include/spice-client-gtk-3.0 -I/usr/local/include/spice-client-glib-2.0 -I/usr/local/include/spice-1 -I/usr/include/gtk-3.0 -I/usr/include/atk-1.0 -I/usr/include/at-spi2-atk/2.0 -I/usr/include/pango-1.0 -I/usr/include/gio-unix-2.0/ -I/usr/include/cairo -I/usr/include/gdk-pixbuf-2.0 -I/usr/include/glib-2.0 -I/usr/lib/i386-linux-gnu/glib-2.0/include -I/usr/include/harfbuzz -I/usr/include/freetype2 -I/usr/include/pixman-1 -I/usr/include/libpng12  '
SPICE_GTK_LIBS='-L/usr/local/lib -lspice-client-gtk-3.0 -lgtk-3 -lspice-client-glib-2.0 -lgdk-3 -latk-1.0 -lgio-2.0 -lpangocairo-1.0 -lgdk_pixbuf-2.0 -lcairo-gobject -lpango-1.0 -lcairo -lgobject-2.0 -lglib-2.0  '
SPICE_GTK_REQUIRED='0.22'
SPICE_PROTOCOL_CFLAGS='-I/usr/local/include/spice-1  '
SPICE_PROTOCOL_LIBS=' '
SPICE_PROTOCOL_REQUIRED='0.10.1'
STRIP='strip'
UPDATE_MIME_DATABASE='/usr/bin/update-mime-database'
USE_NLS='yes'
VERSION='2.0'
WARN_CFLAGS=' -fexceptions -fstack-protector --param=ssp-buffer-size=4 -fasynchronous-unwind-tables -Wall -Wmissing-prototypes -std=c99 -Wnested-externs -Wpointer-arith -Wextra -Wshadow -Wcast-align -Wwrite-strings -Waggregate-return -Winline -Wredundant-decls -Wno-sign-compare -Wno-deprecated-declarations '
WINDOWS_PRODUCTVERSION='2.0.0'
WINDRES=''
WIXL_ARCH=''
XGETTEXT='/usr/bin/xgettext'
ac_ct_AR='ar'
ac_ct_CC='gcc'
ac_ct_DUMPBIN=''
am__EXEEXT_FALSE=''
am__EXEEXT_TRUE='#'
am__fastdepCC_FALSE='#'
am__fastdepCC_TRUE=''
am__include='include'
am__isrc=''
am__leading_dot='.'
am__nodep='_no'
am__quote=''
am__tar='$${TAR-tar} chof - "$$tardir"'
am__untar='$${TAR-tar} xf -'
bindir='${exec_prefix}/bin'
build='i686-pc-linux-gnu'
build_alias=''
build_cpu='i686'
build_os='linux-gnu'
build_vendor='pc'
datadir='${datarootdir}'
datarootdir='${prefix}/share'
docdir='${datarootdir}/doc/${PACKAGE_TARNAME}'
dvidir='${docdir}'
exec_prefix='${prefix}'
host='i686-pc-linux-gnu'
host_alias=''
host_cpu='i686'
host_os='linux-gnu'
host_vendor='pc'
htmldir='${docdir}'
includedir='${prefix}/include'
infodir='${datarootdir}/info'
install_sh='${SHELL} /home/golden/work/virt-viewer-2.0/build-aux/install-sh'
intltool__v_merge_options_0='-q'
intltool__v_merge_options_='$(intltool__v_merge_options_$(AM_DEFAULT_VERBOSITY))'
libdir='${exec_prefix}/lib'
libexecdir='${exec_prefix}/libexec'
localedir='${datarootdir}/locale'
localstatedir='${prefix}/var'
mandir='${datarootdir}/man'
mkdir_p='$(MKDIR_P)'
oldincludedir='/usr/include'
pdfdir='${docdir}'
prefix='/usr/local'
program_transform_name='s,x,x,'
psdir='${docdir}'
runstatedir='${localstatedir}/run'
sbindir='${exec_prefix}/sbin'
sharedstatedir='${prefix}/com'
sysconfdir='${prefix}/etc'
target_alias=''

## ----------- ##
## confdefs.h. ##
## ----------- ##

/* confdefs.h */
#define PACKAGE_NAME "virt-viewer"
#define PACKAGE_TARNAME "virt-viewer"
#define PACKAGE_VERSION "2.0"
#define PACKAGE_STRING "virt-viewer 2.0"
#define PACKAGE_BUGREPORT ""
#define PACKAGE_URL ""
#define PACKAGE "virt-viewer"
#define VERSION "2.0"
#define STDC_HEADERS 1
#define HAVE_SYS_TYPES_H 1
#define HAVE_SYS_STAT_H 1
#define HAVE_STDLIB_H 1
#define HAVE_STRING_H 1
#define HAVE_MEMORY_H 1
#define HAVE_STRINGS_H 1
#define HAVE_INTTYPES_H 1
#define HAVE_STDINT_H 1
#define HAVE_UNISTD_H 1
#define HAVE_DLFCN_H 1
#define LT_OBJDIR ".libs/"
#define _GNU_SOURCE /**/
#define GETTEXT_PACKAGE "virt-viewer"
#define HAVE_LOCALE_H 1
#define HAVE_LC_MESSAGES 1
#define HAVE_BIND_TEXTDOMAIN_CODESET 1
#define HAVE_GETTEXT 1
#define HAVE_DCGETTEXT 1
#define ENABLE_NLS 1
#define HAVE_SPICE_GTK 1
#define HAVE_SYS_SOCKET_H 1
#define HAVE_SYS_UN_H 1
#define HAVE_FORK 1
#define HAVE_SOCKETPAIR 1
#define BUILDID "0"

configure: exit 0
